# JRE version: OpenJDK Runtime Environment Temurin-21.0.10+7 (21.0.10+7) (build 21.0.10+7-LTS)
# Java VM: OpenJDK 64-Bit Server VM Temurin-21.0.10+7 (21.0.10+7-LTS, mixed mode, sharing, tiered, compressed oops, compressed class ptrs, parallel gc, windows-amd64)
GC Precious Log:
 CardTable entry size: 512
 CPUs: 8 total, 8 available
 Memory: 16124M
 Large Page Support: Disabled
 NUMA Support: Disabled
 Compressed Oops: Enabled (32-bit)
 Alignments: Space 512K, Generation 512K, Heap 2M
 Heap Min Capacity: 100M
 Heap Initial Capacity: 100M
 Heap Max Capacity: 2G
 Pre-touch: Disabled
 Parallel Workers: 8
Heap:
 PSYoungGen      total 11776K, used 4322K [0x00000000d5580000, 0x00000000d6400000, 0x0000000100000000)
  eden space 11264K, 34% used [0x00000000d5580000,0x00000000d59589d8,0x00000000d6080000)
  from space 512K, 75% used [0x00000000d6380000,0x00000000d63e0000,0x00000000d6400000)
  to   space 1024K, 0% used [0x00000000d6200000,0x00000000d6200000,0x00000000d6300000)
 ParOldGen       total 1097216K, used 1095613K [0x0000000080000000, 0x00000000c2f80000, 0x00000000d5580000)
  object space 1097216K, 99% used [0x0000000080000000,0x00000000c2def6a8,0x00000000c2f80000)
 Metaspace       used 81995K, committed 83776K, reserved 1179648K
  class space    used 8526K, committed 9344K, reserved 1048576K
GC Heap History (20 events):
Event: 2420.361 GC heap before
{Heap before GC invocations=1736 (full 3):
 PSYoungGen      total 9728K, used 9376K [0x00000000d5580000, 0x00000000d6680000, 0x0000000100000000)
  eden space 5120K, 100% used [0x00000000d5580000,0x00000000d5a80000,0x00000000d5a80000)
  from space 4608K, 92% used [0x00000000d6200000,0x00000000d6628000,0x00000000d6680000)
  to   space 5632K, 0% used [0x00000000d5b80000,0x00000000d5b80000,0x00000000d6100000)
 ParOldGen       total 1023488K, used 1023328K [0x0000000080000000, 0x00000000be780000, 0x00000000d5580000)
  object space 1023488K, 99% used [0x0000000080000000,0x00000000be7580f0,0x00000000be780000)
 Metaspace       used 78399K, committed 80128K, reserved 1179648K
  class space    used 8115K, committed 8896K, reserved 1048576K
}
Event: 2420.368 GC heap after
{Heap after GC invocations=1736 (full 3):
 PSYoungGen      total 11264K, used 4917K [0x00000000d5580000, 0x00000000d6580000, 0x0000000100000000)
  eden space 6144K, 0% used [0x00000000d5580000,0x00000000d5580000,0x00000000d5b80000)
  from space 5120K, 96% used [0x00000000d5b80000,0x00000000d604d550,0x00000000d6080000)
  to   space 5120K, 0% used [0x00000000d6080000,0x00000000d6080000,0x00000000d6580000)
 ParOldGen       total 1027584K, used 1027464K [0x0000000080000000, 0x00000000beb80000, 0x00000000d5580000)
  object space 1027584K, 99% used [0x0000000080000000,0x00000000beb620f0,0x00000000beb80000)
 Metaspace       used 78399K, committed 80128K, reserved 1179648K
  class space    used 8115K, committed 8896K, reserved 1048576K
}
Event: 2420.387 GC heap before
{Heap before GC invocations=1737 (full 3):
 PSYoungGen      total 11264K, used 11061K [0x00000000d5580000, 0x00000000d6580000, 0x0000000100000000)
  eden space 6144K, 100% used [0x00000000d5580000,0x00000000d5b80000,0x00000000d5b80000)
  from space 5120K, 96% used [0x00000000d5b80000,0x00000000d604d550,0x00000000d6080000)
  to   space 5120K, 0% used [0x00000000d6080000,0x00000000d6080000,0x00000000d6580000)
 ParOldGen       total 1027584K, used 1027464K [0x0000000080000000, 0x00000000beb80000, 0x00000000d5580000)
  object space 1027584K, 99% used [0x0000000080000000,0x00000000beb620f0,0x00000000beb80000)
 Metaspace       used 78432K, committed 80128K, reserved 1179648K
  class space    used 8117K, committed 8896K, reserved 1048576K
}
Event: 2420.393 GC heap after
{Heap after GC invocations=1737 (full 3):
 PSYoungGen      total 8192K, used 256K [0x00000000d5580000, 0x00000000d6100000, 0x0000000100000000)
  eden space 7680K, 0% used [0x00000000d5580000,0x00000000d5580000,0x00000000d5d00000)
  from space 512K, 50% used [0x00000000d6080000,0x00000000d60c0000,0x00000000d6100000)
  to   space 2048K, 0% used [0x00000000d5d00000,0x00000000d5d00000,0x00000000d5f00000)
 ParOldGen       total 1030144K, used 1029896K [0x0000000080000000, 0x00000000bee00000, 0x00000000d5580000)
  object space 1030144K, 99% used [0x0000000080000000,0x00000000bedc20f0,0x00000000bee00000)
 Metaspace       used 78432K, committed 80128K, reserved 1179648K
  class space    used 8117K, committed 8896K, reserved 1048576K
}
Event: 2420.415 GC heap before
{Heap before GC invocations=1738 (full 3):
 PSYoungGen      total 8192K, used 7936K [0x00000000d5580000, 0x00000000d6100000, 0x0000000100000000)
  eden space 7680K, 100% used [0x00000000d5580000,0x00000000d5d00000,0x00000000d5d00000)
  from space 512K, 50% used [0x00000000d6080000,0x00000000d60c0000,0x00000000d6100000)
  to   space 2048K, 0% used [0x00000000d5d00000,0x00000000d5d00000,0x00000000d5f00000)
 ParOldGen       total 1030144K, used 1029896K [0x0000000080000000, 0x00000000bee00000, 0x00000000d5580000)
  object space 1030144K, 99% used [0x0000000080000000,0x00000000bedc20f0,0x00000000bee00000)
 Metaspace       used 78482K, committed 80128K, reserved 1179648K
  class space    used 8123K, committed 8896K, reserved 1048576K
}
Event: 2420.418 GC heap after
{Heap after GC invocations=1738 (full 3):
 PSYoungGen      total 9728K, used 728K [0x00000000d5580000, 0x00000000d6100000, 0x0000000100000000)
  eden space 7680K, 0% used [0x00000000d5580000,0x00000000d5580000,0x00000000d5d00000)
  from space 2048K, 35% used [0x00000000d5d00000,0x00000000d5db61b8,0x00000000d5f00000)
  to   space 1024K, 0% used [0x00000000d6000000,0x00000000d6000000,0x00000000d6100000)
 ParOldGen       total 1030144K, used 1029936K [0x0000000080000000, 0x00000000bee00000, 0x00000000d5580000)
  object space 1030144K, 99% used [0x0000000080000000,0x00000000bedcc0f0,0x00000000bee00000)
 Metaspace       used 78482K, committed 80128K, reserved 1179648K
  class space    used 8123K, committed 8896K, reserved 1048576K
}
Event: 2420.442 GC heap before
{Heap before GC invocations=1739 (full 3):
 PSYoungGen      total 9728K, used 8354K [0x00000000d5580000, 0x00000000d6100000, 0x0000000100000000)
  eden space 7680K, 99% used [0x00000000d5580000,0x00000000d5cf26e0,0x00000000d5d00000)
  from space 2048K, 35% used [0x00000000d5d00000,0x00000000d5db61b8,0x00000000d5f00000)
  to   space 1024K, 0% used [0x00000000d6000000,0x00000000d6000000,0x00000000d6100000)
 ParOldGen       total 1030144K, used 1029936K [0x0000000080000000, 0x00000000bee00000, 0x00000000d5580000)
  object space 1030144K, 99% used [0x0000000080000000,0x00000000bedcc0f0,0x00000000bee00000)
 Metaspace       used 78512K, committed 80192K, reserved 1179648K
  class space    used 8125K, committed 8896K, reserved 1048576K
}
Event: 2420.444 GC heap after
{Heap after GC invocations=1739 (full 3):
 PSYoungGen      total 9728K, used 416K [0x00000000d5580000, 0x00000000d6080000, 0x0000000100000000)
  eden space 9216K, 0% used [0x00000000d5580000,0x00000000d5580000,0x00000000d5e80000)
  from space 512K, 81% used [0x00000000d6000000,0x00000000d6068000,0x00000000d6080000)
  to   space 1024K, 0% used [0x00000000d5e80000,0x00000000d5e80000,0x00000000d5f80000)
 ParOldGen       total 1030656K, used 1030445K [0x0000000080000000, 0x00000000bee80000, 0x00000000d5580000)
  object space 1030656K, 99% used [0x0000000080000000,0x00000000bee4b400,0x00000000bee80000)
 Metaspace       used 78512K, committed 80192K, reserved 1179648K
  class space    used 8125K, committed 8896K, reserved 1048576K
}
Event: 2420.453 GC heap before
{Heap before GC invocations=1740 (full 3):
 PSYoungGen      total 9728K, used 9632K [0x00000000d5580000, 0x00000000d6080000, 0x0000000100000000)
  eden space 9216K, 100% used [0x00000000d5580000,0x00000000d5e80000,0x00000000d5e80000)
  from space 512K, 81% used [0x00000000d6000000,0x00000000d6068000,0x00000000d6080000)
  to   space 1024K, 0% used [0x00000000d5e80000,0x00000000d5e80000,0x00000000d5f80000)
 ParOldGen       total 1030656K, used 1030445K [0x0000000080000000, 0x00000000bee80000, 0x00000000d5580000)
  object space 1030656K, 99% used [0x0000000080000000,0x00000000bee4b400,0x00000000bee80000)
 Metaspace       used 78522K, committed 80192K, reserved 1179648K
  class space    used 8126K, committed 8896K, reserved 1048576K
}
Event: 2420.456 GC heap after
{Heap after GC invocations=1740 (full 3):
 PSYoungGen      total 10240K, used 1024K [0x00000000d5580000, 0x00000000d6480000, 0x0000000100000000)
  eden space 9216K, 0% used [0x00000000d5580000,0x00000000d5580000,0x00000000d5e80000)
  from space 1024K, 100% used [0x00000000d5e80000,0x00000000d5f80000,0x00000000d5f80000)
  to   space 2048K, 0% used [0x00000000d6280000,0x00000000d6280000,0x00000000d6480000)
 ParOldGen       total 1031168K, used 1030829K [0x0000000080000000, 0x00000000bef00000, 0x00000000d5580000)
  object space 1031168K, 99% used [0x0000000080000000,0x00000000beeab400,0x00000000bef00000)
 Metaspace       used 78522K, committed 80192K, reserved 1179648K
  class space    used 8126K, committed 8896K, reserved 1048576K
}
Event: 2420.462 GC heap before
{Heap before GC invocations=1741 (full 3):
 PSYoungGen      total 10240K, used 10240K [0x00000000d5580000, 0x00000000d6480000, 0x0000000100000000)
  eden space 9216K, 100% used [0x00000000d5580000,0x00000000d5e80000,0x00000000d5e80000)
  from space 1024K, 100% used [0x00000000d5e80000,0x00000000d5f80000,0x00000000d5f80000)
  to   space 2048K, 0% used [0x00000000d6280000,0x00000000d6280000,0x00000000d6480000)
 ParOldGen       total 1031168K, used 1030829K [0x0000000080000000, 0x00000000bef00000, 0x00000000d5580000)
  object space 1031168K, 99% used [0x0000000080000000,0x00000000beeab400,0x00000000bef00000)
 Metaspace       used 78522K, committed 80192K, reserved 1179648K
  class space    used 8126K, committed 8896K, reserved 1048576K
}
Event: 2420.465 GC heap after
{Heap after GC invocations=1741 (full 3):
 PSYoungGen      total 12288K, used 832K [0x00000000d5580000, 0x00000000d6380000, 0x0000000100000000)
  eden space 11264K, 0% used [0x00000000d5580000,0x00000000d5580000,0x00000000d6080000)
  from space 1024K, 81% used [0x00000000d6280000,0x00000000d6350000,0x00000000d6380000)
  to   space 1536K, 0% used [0x00000000d6080000,0x00000000d6080000,0x00000000d6200000)
 ParOldGen       total 1032192K, used 1031845K [0x0000000080000000, 0x00000000bf000000, 0x00000000d5580000)
  object space 1032192K, 99% used [0x0000000080000000,0x00000000befa9400,0x00000000bf000000)
 Metaspace       used 78522K, committed 80192K, reserved 1179648K
  class space    used 8126K, committed 8896K, reserved 1048576K
}
Event: 2420.472 GC heap before
{Heap before GC invocations=1742 (full 3):
 PSYoungGen      total 12288K, used 12096K [0x00000000d5580000, 0x00000000d6380000, 0x0000000100000000)
  eden space 11264K, 100% used [0x00000000d5580000,0x00000000d6080000,0x00000000d6080000)
  from space 1024K, 81% used [0x00000000d6280000,0x00000000d6350000,0x00000000d6380000)
  to   space 1536K, 0% used [0x00000000d6080000,0x00000000d6080000,0x00000000d6200000)
 ParOldGen       total 1032192K, used 1031845K [0x0000000080000000, 0x00000000bf000000, 0x00000000d5580000)
  object space 1032192K, 99% used [0x0000000080000000,0x00000000befa9400,0x00000000bf000000)
 Metaspace       used 78522K, committed 80192K, reserved 1179648K
  class space    used 8126K, committed 8896K, reserved 1048576K
}
Event: 2420.474 GC heap after
{Heap after GC invocations=1742 (full 3):
 PSYoungGen      total 12800K, used 576K [0x00000000d5580000, 0x00000000d6500000, 0x0000000100000000)
  eden space 11264K, 0% used [0x00000000d5580000,0x00000000d5580000,0x00000000d6080000)
  from space 1536K, 37% used [0x00000000d6080000,0x00000000d6110000,0x00000000d6200000)
  to   space 1024K, 0% used [0x00000000d6400000,0x00000000d6400000,0x00000000d6500000)
 ParOldGen       total 1032704K, used 1032237K [0x0000000080000000, 0x00000000bf080000, 0x00000000d5580000)
  object space 1032704K, 99% used [0x0000000080000000,0x00000000bf00b400,0x00000000bf080000)
 Metaspace       used 78522K, committed 80192K, reserved 1179648K
  class space    used 8126K, committed 8896K, reserved 1048576K
}
Event: 2420.727 GC heap before
{Heap before GC invocations=1743 (full 3):
 PSYoungGen      total 12800K, used 11840K [0x00000000d5580000, 0x00000000d6500000, 0x0000000100000000)
  eden space 11264K, 100% used [0x00000000d5580000,0x00000000d6080000,0x00000000d6080000)
  from space 1536K, 37% used [0x00000000d6080000,0x00000000d6110000,0x00000000d6200000)
  to   space 1024K, 0% used [0x00000000d6400000,0x00000000d6400000,0x00000000d6500000)
 ParOldGen       total 1032704K, used 1032237K [0x0000000080000000, 0x00000000bf080000, 0x00000000d5580000)
  object space 1032704K, 99% used [0x0000000080000000,0x00000000bf00b400,0x00000000bf080000)
 Metaspace       used 79365K, committed 81088K, reserved 1179648K
  class space    used 8192K, committed 8960K, reserved 1048576K
}
Event: 2420.730 GC heap after
{Heap after GC invocations=1743 (full 3):
 PSYoungGen      total 12288K, used 992K [0x00000000d5580000, 0x00000000d6500000, 0x0000000100000000)
  eden space 11264K, 0% used [0x00000000d5580000,0x00000000d5580000,0x00000000d6080000)
  from space 1024K, 96% used [0x00000000d6400000,0x00000000d64f8048,0x00000000d6500000)
  to   space 1536K, 0% used [0x00000000d6200000,0x00000000d6200000,0x00000000d6380000)
 ParOldGen       total 1033216K, used 1032778K [0x0000000080000000, 0x00000000bf100000, 0x00000000d5580000)
  object space 1033216K, 99% used [0x0000000080000000,0x00000000bf092b88,0x00000000bf100000)
 Metaspace       used 79365K, committed 81088K, reserved 1179648K
  class space    used 8192K, committed 8960K, reserved 1048576K
}
Event: 2420.898 GC heap before
{Heap before GC invocations=1744 (full 3):
 PSYoungGen      total 12288K, used 12232K [0x00000000d5580000, 0x00000000d6500000, 0x0000000100000000)
  eden space 11264K, 99% used [0x00000000d5580000,0x00000000d607a120,0x00000000d6080000)
  from space 1024K, 96% used [0x00000000d6400000,0x00000000d64f8048,0x00000000d6500000)
  to   space 1536K, 0% used [0x00000000d6200000,0x00000000d6200000,0x00000000d6380000)
 ParOldGen       total 1033216K, used 1032778K [0x0000000080000000, 0x00000000bf100000, 0x00000000d5580000)
  object space 1033216K, 99% used [0x0000000080000000,0x00000000bf092b88,0x00000000bf100000)
 Metaspace       used 81237K, committed 83008K, reserved 1179648K
  class space    used 8438K, committed 9216K, reserved 1048576K
}
Event: 2420.900 GC heap after
{Heap after GC invocations=1744 (full 3):
 PSYoungGen      total 12800K, used 733K [0x00000000d5580000, 0x00000000d6480000, 0x0000000100000000)
  eden space 11264K, 0% used [0x00000000d5580000,0x00000000d5580000,0x00000000d6080000)
  from space 1536K, 47% used [0x00000000d6200000,0x00000000d62b75d8,0x00000000d6380000)
  to   space 1024K, 0% used [0x00000000d6380000,0x00000000d6380000,0x00000000d6480000)
 ParOldGen       total 1033728K, used 1033629K [0x0000000080000000, 0x00000000bf180000, 0x00000000d5580000)
  object space 1033728K, 99% used [0x0000000080000000,0x00000000bf167688,0x00000000bf180000)
 Metaspace       used 81237K, committed 83008K, reserved 1179648K
  class space    used 8438K, committed 9216K, reserved 1048576K
}
Event: 3491.286 GC heap before
{Heap before GC invocations=1745 (full 3):
 PSYoungGen      total 12800K, used 11997K [0x00000000d5580000, 0x00000000d6480000, 0x0000000100000000)
  eden space 11264K, 100% used [0x00000000d5580000,0x00000000d6080000,0x00000000d6080000)
  from space 1536K, 47% used [0x00000000d6200000,0x00000000d62b75d8,0x00000000d6380000)
  to   space 1024K, 0% used [0x00000000d6380000,0x00000000d6380000,0x00000000d6480000)
 ParOldGen       total 1097216K, used 1095069K [0x0000000080000000, 0x00000000c2f80000, 0x00000000d5580000)
  object space 1097216K, 99% used [0x0000000080000000,0x00000000c2d676e8,0x00000000c2f80000)
 Metaspace       used 81981K, committed 83776K, reserved 1179648K
  class space    used 8526K, committed 9344K, reserved 1048576K
}
Event: 3491.291 GC heap after
{Heap after GC invocations=1745 (full 3):
 PSYoungGen      total 11776K, used 384K [0x00000000d5580000, 0x00000000d6400000, 0x0000000100000000)
  eden space 11264K, 0% used [0x00000000d5580000,0x00000000d5580000,0x00000000d6080000)
  from space 512K, 75% used [0x00000000d6380000,0x00000000d63e0000,0x00000000d6400000)
  to   space 1024K, 0% used [0x00000000d6200000,0x00000000d6200000,0x00000000d6300000)
 ParOldGen       total 1097216K, used 1095613K [0x0000000080000000, 0x00000000c2f80000, 0x00000000d5580000)
  object space 1097216K, 99% used [0x0000000080000000,0x00000000c2def6a8,0x00000000c2f80000)
 Metaspace       used 81981K, committed 83776K, reserved 1179648K
  class space    used 8526K, committed 9344K, reserved 1048576K
}

